<?xml version="1.0" encoding="UTF-8"?>
<!-- Generated by org.testng.reporters.JUnitReportReporter -->
<testsuite skipped="0" hostname="RSBELL0001" name="regression.UseCasesPageTests" tests="4" failures="0" timestamp="2020-05-04T00:59:59 CEST" time="88.496" errors="0">
  <testcase name="deleteAllUseCasesTestsAndWriteToJson" time="29.770" classname="regression.UseCasesPageTests"/>
  <testcase name="readFromJsonAndWriteUseCasesOnUi" time="19.587" classname="regression.UseCasesPageTests"/>
  <testcase name="editPropertiesToAllUseCases" time="27.941" classname="regression.UseCasesPageTests"/>
  <testcase name="deleteAllEditedUseCases" time="11.198" classname="regression.UseCasesPageTests"/>
</testsuite> <!-- regression.UseCasesPageTests -->
