<?xml version="1.0" encoding="UTF-8"?>
<!-- Generated by org.testng.reporters.JUnitReportReporter -->
<testsuite skipped="0" hostname="RSBELL0001" name="regression.UseCasesPageTests" tests="4" failures="0" timestamp="2020-05-04T21:33:33 CEST" time="139.609" errors="0">
  <testcase name="deleteAllUseCasesTestsAndWriteToJson" time="43.821" classname="regression.UseCasesPageTests"/>
  <testcase name="readFromJsonAndWriteUseCasesOnUi" time="31.938" classname="regression.UseCasesPageTests"/>
  <testcase name="editPropertiesToAllUseCases" time="45.915" classname="regression.UseCasesPageTests"/>
  <testcase name="deleteAllEditedUseCases" time="17.935" classname="regression.UseCasesPageTests"/>
</testsuite> <!-- regression.UseCasesPageTests -->
